<?xml version="1.0" encoding="UTF-8"?>
<!-- Generated by org.testng.reporters.JUnitReportReporter -->
<testsuite hostname="EGM-MANJU.local" failures="0" tests="1" name="com.myntra.BaseClass.BaseClass" time="0.009" errors="0" timestamp="2023-10-02T19:25:36 IST" skipped="0">
  <testcase classname="com.myntra.BaseClass.BaseClass" name="Sample" time="0.009"/>
</testsuite> <!-- com.myntra.BaseClass.BaseClass -->
